0 info it worked if it ends with ok
1 verbose cli [ '/usr/local/bin/node',
1 verbose cli   '/usr/local/bin/npm',
1 verbose cli   'run',
1 verbose cli   'build-demo' ]
2 info using npm@3.10.8
3 info using node@v6.9.1
4 verbose run-script [ 'prebuild-demo', 'build-demo', 'postbuild-demo' ]
5 info lifecycle tile-layout-web@1.0.0~prebuild-demo: tile-layout-web@1.0.0
6 silly lifecycle tile-layout-web@1.0.0~prebuild-demo: no script for prebuild-demo, continuing
7 info lifecycle tile-layout-web@1.0.0~build-demo: tile-layout-web@1.0.0
8 verbose lifecycle tile-layout-web@1.0.0~build-demo: unsafe-perm in lifecycle true
9 verbose lifecycle tile-layout-web@1.0.0~build-demo: PATH: /usr/local/lib/node_modules/npm/bin/node-gyp-bin:/Users/kevinhou/Programming/Personal Libraries/Tile-Layout-Web/node_modules/.bin:/Applications/Postgres.app/Contents/Versions/latest/bin:/Library/Frameworks/Python.framework/Versions/3.5/bin:/usr/local/bin:/usr/bin:/bin:/usr/sbin:/sbin:/Applications/Postgres.app/Contents/Versions/latest/bin
10 verbose lifecycle tile-layout-web@1.0.0~build-demo: CWD: /Users/kevinhou/Programming/Personal Libraries/Tile-Layout-Web
11 silly lifecycle tile-layout-web@1.0.0~build-demo: Args: [ '-c',
11 silly lifecycle   'webpack --config demo-webpack.config --display-error-details --progress --watch' ]
12 silly lifecycle tile-layout-web@1.0.0~build-demo: Returned: code: 1  signal: null
13 info lifecycle tile-layout-web@1.0.0~build-demo: Failed to exec build-demo script
14 verbose stack Error: tile-layout-web@1.0.0 build-demo: `webpack --config demo-webpack.config --display-error-details --progress --watch`
14 verbose stack Exit status 1
14 verbose stack     at EventEmitter.<anonymous> (/usr/local/lib/node_modules/npm/lib/utils/lifecycle.js:255:16)
14 verbose stack     at emitTwo (events.js:106:13)
14 verbose stack     at EventEmitter.emit (events.js:191:7)
14 verbose stack     at ChildProcess.<anonymous> (/usr/local/lib/node_modules/npm/lib/utils/spawn.js:40:14)
14 verbose stack     at emitTwo (events.js:106:13)
14 verbose stack     at ChildProcess.emit (events.js:191:7)
14 verbose stack     at maybeClose (internal/child_process.js:877:16)
14 verbose stack     at Process.ChildProcess._handle.onexit (internal/child_process.js:226:5)
15 verbose pkgid tile-layout-web@1.0.0
16 verbose cwd /Users/kevinhou/Programming/Personal Libraries/Tile-Layout-Web
17 error Darwin 16.7.0
18 error argv "/usr/local/bin/node" "/usr/local/bin/npm" "run" "build-demo"
19 error node v6.9.1
20 error npm  v3.10.8
21 error code ELIFECYCLE
22 error tile-layout-web@1.0.0 build-demo: `webpack --config demo-webpack.config --display-error-details --progress --watch`
22 error Exit status 1
23 error Failed at the tile-layout-web@1.0.0 build-demo script 'webpack --config demo-webpack.config --display-error-details --progress --watch'.
23 error Make sure you have the latest version of node.js and npm installed.
23 error If you do, this is most likely a problem with the tile-layout-web package,
23 error not with npm itself.
23 error Tell the author that this fails on your system:
23 error     webpack --config demo-webpack.config --display-error-details --progress --watch
23 error You can get information on how to open an issue for this project with:
23 error     npm bugs tile-layout-web
23 error Or if that isn't available, you can get their info via:
23 error     npm owner ls tile-layout-web
23 error There is likely additional logging output above.
24 verbose exit [ 1, true ]
